
*** Running vivado
    with args -log led_control_system.vds -m64 -product Vivado -mode batch -messageDb vivado.pb -notrace -source led_control_system.tcl



****** Vivado v2024.1 (64-bit)
  **** SW Build 5076996 on Wed May 22 18:37:14 MDT 2024
  **** IP Build 5075265 on Wed May 22 21:45:21 MDT 2024
  **** SharedData Build 5076995 on Wed May 22 18:29:18 MDT 2024
  **** Start of session at: Wed Dec 11 17:52:21 2024
    ** Copyright 1986-2022 Xilinx, Inc. All Rights Reserved.
    ** Copyright 2022-2024 Advanced Micro Devices, Inc. All Rights Reserved.

source led_control_system.tcl -notrace
create_project: Time (s): cpu = 00:00:09 ; elapsed = 00:00:09 . Memory (MB): peak = 551.168 ; gain = 235.449
Command: read_checkpoint -auto_incremental -incremental C:/Users/Mihai/Documents/Proiect_SSC/Proiect_SSC.srcs/utils_1/imports/synth_1/led_switch.dcp
INFO: [Vivado 12-5825] Read reference checkpoint from C:/Users/Mihai/Documents/Proiect_SSC/Proiect_SSC.srcs/utils_1/imports/synth_1/led_switch.dcp for incremental synthesis
INFO: [Vivado 12-7989] Please ensure there are no constraint changes
Command: synth_design -top led_control_system -part xc7a100tcsg324-1
Starting synth_design
Attempting to get a license for feature 'Synthesis' and/or device 'xc7a100t'
INFO: [Common 17-349] Got license for feature 'Synthesis' and/or device 'xc7a100t'
INFO: [Device 21-403] Loading part xc7a100tcsg324-1
INFO: [Device 21-9227] Part: xc7a100tcsg324-1 does not have CEAM library.
INFO: [Designutils 20-5440] No compile time benefit to using incremental synthesis; A full resynthesis will be run
INFO: [Designutils 20-4379] Flow is switching to default flow due to incremental criteria not met. If you would like to alter this behaviour and have the flow terminate instead, please set the following parameter config_implementation {autoIncr.Synth.RejectBehavior Terminate}
INFO: [Synth 8-7079] Multithreading enabled for synth_design using a maximum of 2 processes.
INFO: [Synth 8-7078] Launching helper process for spawning children vivado processes
INFO: [Synth 8-7075] Helper process launched with PID 1312
---------------------------------------------------------------------------------
Starting RTL Elaboration : Time (s): cpu = 00:00:05 ; elapsed = 00:00:05 . Memory (MB): peak = 1421.270 ; gain = 449.543
---------------------------------------------------------------------------------
INFO: [Synth 8-638] synthesizing module 'led_control_system' [C:/Users/Mihai/Documents/Proiect_SSC/Proiect_SSC.srcs/sources_1/new/led_control_system.vhd:21]
INFO: [Synth 8-3491] module 'pmodALS' declared at 'C:/Users/Mihai/Documents/Proiect_SSC/Proiect_SSC.srcs/sources_1/new/pmodALS.vhd:6' bound to instance 'als' of component 'pmodALS' [C:/Users/Mihai/Documents/Proiect_SSC/Proiect_SSC.srcs/sources_1/new/led_control_system.vhd:80]
INFO: [Synth 8-638] synthesizing module 'pmodALS' [C:/Users/Mihai/Documents/Proiect_SSC/Proiect_SSC.srcs/sources_1/new/pmodALS.vhd:18]
INFO: [Synth 8-256] done synthesizing module 'pmodALS' (0#1) [C:/Users/Mihai/Documents/Proiect_SSC/Proiect_SSC.srcs/sources_1/new/pmodALS.vhd:18]
INFO: [Synth 8-256] done synthesizing module 'led_control_system' (0#1) [C:/Users/Mihai/Documents/Proiect_SSC/Proiect_SSC.srcs/sources_1/new/led_control_system.vhd:21]
WARNING: [Synth 8-3848] Net nc in module/entity pmodALS does not have driver. [C:/Users/Mihai/Documents/Proiect_SSC/Proiect_SSC.srcs/sources_1/new/pmodALS.vhd:9]
WARNING: [Synth 8-3917] design led_control_system has port JA[3] driven by constant 0
WARNING: [Synth 8-3917] design led_control_system has port JA[2] driven by constant 0
WARNING: [Synth 8-3917] design led_control_system has port JA[1] driven by constant 0
WARNING: [Synth 8-3917] design led_control_system has port JA[0] driven by constant 0
WARNING: [Synth 8-7129] Port nc in module pmodALS is either unconnected or has no load
WARNING: [Synth 8-7129] Port led[15] in module led_control_system is either unconnected or has no load
WARNING: [Synth 8-7129] Port led[14] in module led_control_system is either unconnected or has no load
WARNING: [Synth 8-7129] Port led[12] in module led_control_system is either unconnected or has no load
WARNING: [Synth 8-7129] Port led[10] in module led_control_system is either unconnected or has no load
WARNING: [Synth 8-7129] Port led[9] in module led_control_system is either unconnected or has no load
WARNING: [Synth 8-7129] Port led[8] in module led_control_system is either unconnected or has no load
WARNING: [Synth 8-7129] Port JA[6] in module led_control_system is either unconnected or has no load
WARNING: [Synth 8-7129] Port JA[5] in module led_control_system is either unconnected or has no load
WARNING: [Synth 8-7129] Port JA[4] in module led_control_system is either unconnected or has no load
WARNING: [Synth 8-7129] Port sw[15] in module led_control_system is either unconnected or has no load
WARNING: [Synth 8-7129] Port sw[14] in module led_control_system is either unconnected or has no load
WARNING: [Synth 8-7129] Port sw[13] in module led_control_system is either unconnected or has no load
WARNING: [Synth 8-7129] Port sw[12] in module led_control_system is either unconnected or has no load
WARNING: [Synth 8-7129] Port sw[11] in module led_control_system is either unconnected or has no load
WARNING: [Synth 8-7129] Port sw[10] in module led_control_system is either unconnected or has no load
WARNING: [Synth 8-7129] Port sw[9] in module led_control_system is either unconnected or has no load
WARNING: [Synth 8-7129] Port sw[8] in module led_control_system is either unconnected or has no load
WARNING: [Synth 8-7129] Port sw[7] in module led_control_system is either unconnected or has no load
WARNING: [Synth 8-7129] Port sw[6] in module led_control_system is either unconnected or has no load
WARNING: [Synth 8-7129] Port sw[5] in module led_control_system is either unconnected or has no load
WARNING: [Synth 8-7129] Port sw[4] in module led_control_system is either unconnected or has no load
WARNING: [Synth 8-7129] Port sw[3] in module led_control_system is either unconnected or has no load
WARNING: [Synth 8-7129] Port sw[2] in module led_control_system is either unconnected or has no load
WARNING: [Synth 8-7129] Port sw[1] in module led_control_system is either unconnected or has no load
WARNING: [Synth 8-7129] Port sw[0] in module led_control_system is either unconnected or has no load
---------------------------------------------------------------------------------
Finished RTL Elaboration : Time (s): cpu = 00:00:07 ; elapsed = 00:00:07 . Memory (MB): peak = 1530.199 ; gain = 558.473
---------------------------------------------------------------------------------
---------------------------------------------------------------------------------
Start Handling Custom Attributes
---------------------------------------------------------------------------------
---------------------------------------------------------------------------------
Finished Handling Custom Attributes : Time (s): cpu = 00:00:07 ; elapsed = 00:00:07 . Memory (MB): peak = 1530.199 ; gain = 558.473
---------------------------------------------------------------------------------
---------------------------------------------------------------------------------
Finished RTL Optimization Phase 1 : Time (s): cpu = 00:00:07 ; elapsed = 00:00:07 . Memory (MB): peak = 1530.199 ; gain = 558.473
---------------------------------------------------------------------------------
Netlist sorting complete. Time (s): cpu = 00:00:00 ; elapsed = 00:00:00.001 . Memory (MB): peak = 1530.199 ; gain = 0.000
WARNING: [Netlist 29-1115] Found multi-term driver net: <const0>.
INFO: [Project 1-570] Preparing netlist for logic optimization

Processing XDC Constraints
Initializing timing engine
Parsing XDC File [C:/Users/Mihai/Documents/Proiect_SSC/Proiect_SSC.srcs/constrs_1/imports/Proiect_SSC/NexysA7_PMod.xdc]
Finished Parsing XDC File [C:/Users/Mihai/Documents/Proiect_SSC/Proiect_SSC.srcs/constrs_1/imports/Proiect_SSC/NexysA7_PMod.xdc]
INFO: [Project 1-236] Implementation specific constraints were found while reading constraint file [C:/Users/Mihai/Documents/Proiect_SSC/Proiect_SSC.srcs/constrs_1/imports/Proiect_SSC/NexysA7_PMod.xdc]. These constraints will be ignored for synthesis but will be used in implementation. Impacted constraints are listed in the file [.Xil/led_control_system_propImpl.xdc].
Resolution: To avoid this warning, move constraints listed in [.Xil/led_control_system_propImpl.xdc] to another XDC file and exclude this new file from synthesis with the used_in_synthesis property (File Properties dialog in GUI) and re-run elaboration/synthesis.
Completed Processing XDC Constraints

Netlist sorting complete. Time (s): cpu = 00:00:00 ; elapsed = 00:00:00 . Memory (MB): peak = 1539.910 ; gain = 0.000
INFO: [Project 1-111] Unisim Transformation Summary:
No Unisim elements were transformed.

Constraint Validation Runtime : Time (s): cpu = 00:00:00 ; elapsed = 00:00:00.003 . Memory (MB): peak = 1539.910 ; gain = 0.000
INFO: [Designutils 20-5440] No compile time benefit to using incremental synthesis; A full resynthesis will be run
INFO: [Designutils 20-4379] Flow is switching to default flow due to incremental criteria not met. If you would like to alter this behaviour and have the flow terminate instead, please set the following parameter config_implementation {autoIncr.Synth.RejectBehavior Terminate}
---------------------------------------------------------------------------------
Finished Constraint Validation : Time (s): cpu = 00:00:15 ; elapsed = 00:00:15 . Memory (MB): peak = 1539.910 ; gain = 568.184
---------------------------------------------------------------------------------
---------------------------------------------------------------------------------
Start Loading Part and Timing Information
---------------------------------------------------------------------------------
Loading part: xc7a100tcsg324-1
---------------------------------------------------------------------------------
Finished Loading Part and Timing Information : Time (s): cpu = 00:00:15 ; elapsed = 00:00:15 . Memory (MB): peak = 1539.910 ; gain = 568.184
---------------------------------------------------------------------------------
---------------------------------------------------------------------------------
Start Applying 'set_property' XDC Constraints
---------------------------------------------------------------------------------
---------------------------------------------------------------------------------
Finished applying 'set_property' XDC Constraints : Time (s): cpu = 00:00:15 ; elapsed = 00:00:15 . Memory (MB): peak = 1539.910 ; gain = 568.184
---------------------------------------------------------------------------------
WARNING: [Synth 8-327] inferring latch for variable 'senz_data_reg' [C:/Users/Mihai/Documents/Proiect_SSC/Proiect_SSC.srcs/sources_1/new/pmodALS.vhd:70]
---------------------------------------------------------------------------------
Finished RTL Optimization Phase 2 : Time (s): cpu = 00:00:15 ; elapsed = 00:00:16 . Memory (MB): peak = 1539.910 ; gain = 568.184
---------------------------------------------------------------------------------
---------------------------------------------------------------------------------
Start RTL Component Statistics 
---------------------------------------------------------------------------------
Detailed RTL Component Info : 
+---Adders : 
	   2 Input    8 Bit       Adders := 1     
	   2 Input    6 Bit       Adders := 1     
	   2 Input    5 Bit       Adders := 1     
	   2 Input    4 Bit       Adders := 1     
+---Registers : 
	               16 Bit    Registers := 1     
	                8 Bit    Registers := 2     
	                6 Bit    Registers := 1     
	                4 Bit    Registers := 1     
	                1 Bit    Registers := 4     
+---Muxes : 
	   2 Input   16 Bit        Muxes := 2     
	   2 Input    1 Bit        Muxes := 1     
---------------------------------------------------------------------------------
Finished RTL Component Statistics 
---------------------------------------------------------------------------------
---------------------------------------------------------------------------------
Start Part Resource Summary
---------------------------------------------------------------------------------
Part Resources:
DSPs: 240 (col length:80)
BRAMs: 270 (col length: RAMB18 80 RAMB36 40)
---------------------------------------------------------------------------------
Finished Part Resource Summary
---------------------------------------------------------------------------------
---------------------------------------------------------------------------------
Start Cross Boundary and Area Optimization
---------------------------------------------------------------------------------
WARNING: [Synth 8-7080] Parallel synthesis criteria is not met
WARNING: [Synth 8-3917] design led_control_system has port JA[3] driven by constant 0
WARNING: [Synth 8-3917] design led_control_system has port JA[2] driven by constant 0
WARNING: [Synth 8-3917] design led_control_system has port JA[1] driven by constant 0
WARNING: [Synth 8-3917] design led_control_system has port JA[0] driven by constant 0
WARNING: [Synth 8-7129] Port led[15] in module led_control_system is either unconnected or has no load
WARNING: [Synth 8-7129] Port led[14] in module led_control_system is either unconnected or has no load
WARNING: [Synth 8-7129] Port led[12] in module led_control_system is either unconnected or has no load
WARNING: [Synth 8-7129] Port led[10] in module led_control_system is either unconnected or has no load
WARNING: [Synth 8-7129] Port led[9] in module led_control_system is either unconnected or has no load
WARNING: [Synth 8-7129] Port led[8] in module led_control_system is either unconnected or has no load
WARNING: [Synth 8-7129] Port nc in module led_control_system is either unconnected or has no load
WARNING: [Synth 8-7129] Port JA[6] in module led_control_system is either unconnected or has no load
WARNING: [Synth 8-7129] Port JA[5] in module led_control_system is either unconnected or has no load
WARNING: [Synth 8-7129] Port JA[4] in module led_control_system is either unconnected or has no load
WARNING: [Synth 8-7129] Port sw[15] in module led_control_system is either unconnected or has no load
WARNING: [Synth 8-7129] Port sw[14] in module led_control_system is either unconnected or has no load
WARNING: [Synth 8-7129] Port sw[13] in module led_control_system is either unconnected or has no load
WARNING: [Synth 8-7129] Port sw[12] in module led_control_system is either unconnected or has no load
WARNING: [Synth 8-7129] Port sw[11] in module led_control_system is either unconnected or has no load
WARNING: [Synth 8-7129] Port sw[10] in module led_control_system is either unconnected or has no load
WARNING: [Synth 8-7129] Port sw[9] in module led_control_system is either unconnected or has no load
WARNING: [Synth 8-7129] Port sw[8] in module led_control_system is either unconnected or has no load
WARNING: [Synth 8-7129] Port sw[7] in module led_control_system is either unconnected or has no load
WARNING: [Synth 8-7129] Port sw[6] in module led_control_system is either unconnected or has no load
WARNING: [Synth 8-7129] Port sw[5] in module led_control_system is either unconnected or has no load
WARNING: [Synth 8-7129] Port sw[4] in module led_control_system is either unconnected or has no load
WARNING: [Synth 8-7129] Port sw[3] in module led_control_system is either unconnected or has no load
WARNING: [Synth 8-7129] Port sw[2] in module led_control_system is either unconnected or has no load
WARNING: [Synth 8-7129] Port sw[1] in module led_control_system is either unconnected or has no load
WARNING: [Synth 8-7129] Port sw[0] in module led_control_system is either unconnected or has no load
---------------------------------------------------------------------------------
Finished Cross Boundary and Area Optimization : Time (s): cpu = 00:00:17 ; elapsed = 00:00:18 . Memory (MB): peak = 1539.910 ; gain = 568.184
---------------------------------------------------------------------------------
---------------------------------------------------------------------------------
Start Applying XDC Timing Constraints
---------------------------------------------------------------------------------
---------------------------------------------------------------------------------
Finished Applying XDC Timing Constraints : Time (s): cpu = 00:00:23 ; elapsed = 00:00:24 . Memory (MB): peak = 1539.910 ; gain = 568.184
---------------------------------------------------------------------------------
---------------------------------------------------------------------------------
Start Timing Optimization
---------------------------------------------------------------------------------
---------------------------------------------------------------------------------
Finished Timing Optimization : Time (s): cpu = 00:00:23 ; elapsed = 00:00:24 . Memory (MB): peak = 1539.910 ; gain = 568.184
---------------------------------------------------------------------------------
---------------------------------------------------------------------------------
Start Technology Mapping
---------------------------------------------------------------------------------
---------------------------------------------------------------------------------
Finished Technology Mapping : Time (s): cpu = 00:00:23 ; elapsed = 00:00:24 . Memory (MB): peak = 1539.910 ; gain = 568.184
---------------------------------------------------------------------------------
---------------------------------------------------------------------------------
Start IO Insertion
---------------------------------------------------------------------------------
---------------------------------------------------------------------------------
Start Flattening Before IO Insertion
---------------------------------------------------------------------------------
---------------------------------------------------------------------------------
Finished Flattening Before IO Insertion
---------------------------------------------------------------------------------
---------------------------------------------------------------------------------
Start Final Netlist Cleanup
---------------------------------------------------------------------------------
---------------------------------------------------------------------------------
Finished Final Netlist Cleanup
---------------------------------------------------------------------------------
---------------------------------------------------------------------------------
Finished IO Insertion : Time (s): cpu = 00:00:28 ; elapsed = 00:00:29 . Memory (MB): peak = 1539.910 ; gain = 568.184
---------------------------------------------------------------------------------
---------------------------------------------------------------------------------
Start Renaming Generated Instances
---------------------------------------------------------------------------------
---------------------------------------------------------------------------------
Finished Renaming Generated Instances : Time (s): cpu = 00:00:28 ; elapsed = 00:00:29 . Memory (MB): peak = 1539.910 ; gain = 568.184
---------------------------------------------------------------------------------
---------------------------------------------------------------------------------
Start Rebuilding User Hierarchy
---------------------------------------------------------------------------------
---------------------------------------------------------------------------------
Finished Rebuilding User Hierarchy : Time (s): cpu = 00:00:28 ; elapsed = 00:00:29 . Memory (MB): peak = 1539.910 ; gain = 568.184
---------------------------------------------------------------------------------
---------------------------------------------------------------------------------
Start Renaming Generated Ports
---------------------------------------------------------------------------------
---------------------------------------------------------------------------------
Finished Renaming Generated Ports : Time (s): cpu = 00:00:28 ; elapsed = 00:00:29 . Memory (MB): peak = 1539.910 ; gain = 568.184
---------------------------------------------------------------------------------
---------------------------------------------------------------------------------
Start Handling Custom Attributes
---------------------------------------------------------------------------------
---------------------------------------------------------------------------------
Finished Handling Custom Attributes : Time (s): cpu = 00:00:28 ; elapsed = 00:00:29 . Memory (MB): peak = 1539.910 ; gain = 568.184
---------------------------------------------------------------------------------
---------------------------------------------------------------------------------
Start Renaming Generated Nets
---------------------------------------------------------------------------------
---------------------------------------------------------------------------------
Finished Renaming Generated Nets : Time (s): cpu = 00:00:28 ; elapsed = 00:00:29 . Memory (MB): peak = 1539.910 ; gain = 568.184
---------------------------------------------------------------------------------
---------------------------------------------------------------------------------
Start Writing Synthesis Report
---------------------------------------------------------------------------------

Report BlackBoxes: 
+-+--------------+----------+
| |BlackBox name |Instances |
+-+--------------+----------+
+-+--------------+----------+

Report Cell Usage: 
+------+-------+------+
|      |Cell   |Count |
+------+-------+------+
|1     |BUFG   |     1|
|2     |CARRY4 |     2|
|3     |LUT1   |     5|
|4     |LUT2   |     4|
|5     |LUT3   |     4|
|6     |LUT4   |    19|
|7     |LUT5   |    11|
|8     |LUT6   |     6|
|9     |FDRE   |    38|
|10    |LD     |     8|
|11    |IBUF   |     3|
|12    |OBUF   |    17|
|13    |OBUFT  |     7|
+------+-------+------+
---------------------------------------------------------------------------------
Finished Writing Synthesis Report : Time (s): cpu = 00:00:28 ; elapsed = 00:00:29 . Memory (MB): peak = 1539.910 ; gain = 568.184
---------------------------------------------------------------------------------
Synthesis finished with 0 errors, 0 critical warnings and 32 warnings.
Synthesis Optimization Runtime : Time (s): cpu = 00:00:20 ; elapsed = 00:00:27 . Memory (MB): peak = 1539.910 ; gain = 558.473
Synthesis Optimization Complete : Time (s): cpu = 00:00:29 ; elapsed = 00:00:29 . Memory (MB): peak = 1539.910 ; gain = 568.184
INFO: [Project 1-571] Translating synthesized netlist
Netlist sorting complete. Time (s): cpu = 00:00:00 ; elapsed = 00:00:00.001 . Memory (MB): peak = 1540.293 ; gain = 0.000
INFO: [Netlist 29-17] Analyzing 10 Unisim elements for replacement
INFO: [Netlist 29-28] Unisim Transformation completed in 0 CPU seconds
INFO: [Project 1-570] Preparing netlist for logic optimization
INFO: [Opt 31-138] Pushed 0 inverter(s) to 0 load pin(s).
Netlist sorting complete. Time (s): cpu = 00:00:00 ; elapsed = 00:00:00 . Memory (MB): peak = 1541.180 ; gain = 0.000
INFO: [Project 1-111] Unisim Transformation Summary:
  A total of 8 instances were transformed.
  LD => LDCE: 8 instances

Synth Design complete | Checksum: e2e32ef
INFO: [Common 17-83] Releasing license: Synthesis
27 Infos, 64 Warnings, 0 Critical Warnings and 0 Errors encountered.
synth_design completed successfully
synth_design: Time (s): cpu = 00:00:33 ; elapsed = 00:00:35 . Memory (MB): peak = 1541.180 ; gain = 985.406
Write ShapeDB Complete: Time (s): cpu = 00:00:00 ; elapsed = 00:00:00.002 . Memory (MB): peak = 1541.180 ; gain = 0.000
INFO: [Common 17-1381] The checkpoint 'C:/Users/Mihai/Documents/Proiect_SSC/Proiect_SSC.runs/synth_1/led_control_system.dcp' has been generated.
INFO: [Vivado 12-24828] Executing command : report_utilization -file led_control_system_utilization_synth.rpt -pb led_control_system_utilization_synth.pb
INFO: [Common 17-206] Exiting Vivado at Wed Dec 11 17:53:08 2024...
